E:\机器人\期末\CoordinateGetter v1.4\CoordinateGetter\Debug\cl.command.1.tlog
E:\机器人\期末\CoordinateGetter v1.4\CoordinateGetter\Debug\CL.read.1.tlog
E:\机器人\期末\CoordinateGetter v1.4\CoordinateGetter\Debug\CL.write.1.tlog
E:\机器人\期末\CoordinateGetter v1.4\CoordinateGetter\Debug\CoordinateGetter.exe.embed.manifest
E:\机器人\期末\CoordinateGetter v1.4\CoordinateGetter\Debug\CoordinateGetter.exe.embed.manifest.res
E:\机器人\期末\CoordinateGetter v1.4\CoordinateGetter\Debug\CoordinateGetter.exe.intermediate.manifest
E:\机器人\期末\CoordinateGetter v1.4\CoordinateGetter\Debug\CoordinateGetter.obj
E:\机器人\期末\CoordinateGetter v1.4\CoordinateGetter\Debug\CoordinateGetter.pch
E:\机器人\期末\CoordinateGetter v1.4\CoordinateGetter\Debug\CoordinateGetter.res
E:\机器人\期末\CoordinateGetter v1.4\CoordinateGetter\Debug\CoordinateGetter_manifest.rc
E:\机器人\期末\CoordinateGetter v1.4\CoordinateGetter\Debug\CoordinateGetterDlg.obj
E:\机器人\期末\CoordinateGetter v1.4\CoordinateGetter\Debug\link.2684.read.1.tlog
E:\机器人\期末\CoordinateGetter v1.4\CoordinateGetter\Debug\link.2684.write.1.tlog
E:\机器人\期末\CoordinateGetter v1.4\CoordinateGetter\Debug\link.2684-cvtres.read.1.tlog
E:\机器人\期末\CoordinateGetter v1.4\CoordinateGetter\Debug\link.2684-cvtres.write.1.tlog
E:\机器人\期末\CoordinateGetter v1.4\CoordinateGetter\Debug\link.command.1.tlog
E:\机器人\期末\CoordinateGetter v1.4\CoordinateGetter\Debug\link.read.1.tlog
E:\机器人\期末\CoordinateGetter v1.4\CoordinateGetter\Debug\link.write.1.tlog
E:\机器人\期末\CoordinateGetter v1.4\CoordinateGetter\Debug\link-cvtres.read.1.tlog
E:\机器人\期末\CoordinateGetter v1.4\CoordinateGetter\Debug\link-cvtres.write.1.tlog
E:\机器人\期末\CoordinateGetter v1.4\CoordinateGetter\Debug\mt.command.1.tlog
E:\机器人\期末\CoordinateGetter v1.4\CoordinateGetter\Debug\mt.read.1.tlog
E:\机器人\期末\CoordinateGetter v1.4\CoordinateGetter\Debug\mt.write.1.tlog
E:\机器人\期末\CoordinateGetter v1.4\CoordinateGetter\Debug\NeededOperations.obj
E:\机器人\期末\CoordinateGetter v1.4\CoordinateGetter\Debug\PaintTrack.obj
E:\机器人\期末\CoordinateGetter v1.4\CoordinateGetter\Debug\rc.command.1.tlog
E:\机器人\期末\CoordinateGetter v1.4\CoordinateGetter\Debug\rc.read.1.tlog
E:\机器人\期末\CoordinateGetter v1.4\CoordinateGetter\Debug\rc.write.1.tlog
E:\机器人\期末\CoordinateGetter v1.4\CoordinateGetter\Debug\stdafx.obj
E:\机器人\期末\CoordinateGetter v1.4\CoordinateGetter\Debug\vc100.idb
E:\机器人\期末\CoordinateGetter v1.4\CoordinateGetter\Debug\vc100.pdb
E:\机器人\期末\CoordinateGetter v1.4\Debug\CoordinateGetter.exe
E:\机器人\期末\CoordinateGetter v1.4\Debug\CoordinateGetter.ilk
E:\机器人\期末\CoordinateGetter v1.4\Debug\CoordinateGetter.pdb
F:\COORDINATEGETTER_V1_3\COORDINATEGETTER\DEBUG\COORDINATEGETTER.EXE.EMBED.MANIFEST
F:\COORDINATEGETTER_V1_3\COORDINATEGETTER\DEBUG\COORDINATEGETTER.EXE.EMBED.MANIFEST.RES
F:\COORDINATEGETTER_V1_3\COORDINATEGETTER\DEBUG\COORDINATEGETTER.EXE.INTERMEDIATE.MANIFEST
F:\COORDINATEGETTER_V1_3\COORDINATEGETTER\DEBUG\COORDINATEGETTER.OBJ
F:\COORDINATEGETTER_V1_3\COORDINATEGETTER\DEBUG\COORDINATEGETTER.PCH
F:\COORDINATEGETTER_V1_3\COORDINATEGETTER\DEBUG\COORDINATEGETTER.RES
F:\COORDINATEGETTER_V1_3\COORDINATEGETTER\DEBUG\COORDINATEGETTERDLG.OBJ
F:\COORDINATEGETTER_V1_3\COORDINATEGETTER\DEBUG\NEEDEDOPERATIONS.OBJ
F:\COORDINATEGETTER_V1_3\COORDINATEGETTER\DEBUG\PAINTTRACK.OBJ
F:\COORDINATEGETTER_V1_3\COORDINATEGETTER\DEBUG\STDAFX.OBJ
F:\COORDINATEGETTER_V1_3\COORDINATEGETTER\DEBUG\VC100.PDB
F:\COORDINATEGETTER_V1_3\DEBUG\COORDINATEGETTER.EXE
F:\COORDINATEGETTER_V1_3\DEBUG\COORDINATEGETTER.ILK
F:\COORDINATEGETTER_V1_3\DEBUG\COORDINATEGETTER.PDB
